2017-12-10 22:51:24 [scrapy.utils.log] INFO: Scrapy 1.4.0 started (bot: appSpider)
2017-12-10 22:51:24 [scrapy.utils.log] INFO: Overridden settings: {'BOT_NAME': 'appSpider', 'LOG_FILE': 'dg.log', 'NEWSPIDER_MODULE': 'appSpider.spiders', 'ROBOTSTXT_OBEY': True, 'SPIDER_MODULES': ['appSpider.spiders'], 'USER_AGENT': 'DYZB/2.290 (iPhone; iOS 9.3.4; Scale/2.00)'}
2017-12-10 22:51:24 [scrapy.middleware] INFO: Enabled extensions:
['scrapy.extensions.corestats.CoreStats',
 'scrapy.extensions.telnet.TelnetConsole',
 'scrapy.extensions.memusage.MemoryUsage',
 'scrapy.extensions.logstats.LogStats']
2017-12-10 22:51:24 [scrapy.middleware] INFO: Enabled downloader middlewares:
['scrapy.downloadermiddlewares.robotstxt.RobotsTxtMiddleware',
 'scrapy.downloadermiddlewares.httpauth.HttpAuthMiddleware',
 'scrapy.downloadermiddlewares.downloadtimeout.DownloadTimeoutMiddleware',
 'scrapy.downloadermiddlewares.defaultheaders.DefaultHeadersMiddleware',
 'scrapy.downloadermiddlewares.useragent.UserAgentMiddleware',
 'scrapy.downloadermiddlewares.retry.RetryMiddleware',
 'scrapy.downloadermiddlewares.redirect.MetaRefreshMiddleware',
 'scrapy.downloadermiddlewares.httpcompression.HttpCompressionMiddleware',
 'scrapy.downloadermiddlewares.redirect.RedirectMiddleware',
 'scrapy.downloadermiddlewares.cookies.CookiesMiddleware',
 'scrapy.downloadermiddlewares.httpproxy.HttpProxyMiddleware',
 'scrapy.downloadermiddlewares.stats.DownloaderStats']
2017-12-10 22:51:24 [scrapy.middleware] INFO: Enabled spider middlewares:
['scrapy.spidermiddlewares.httperror.HttpErrorMiddleware',
 'scrapy.spidermiddlewares.offsite.OffsiteMiddleware',
 'scrapy.spidermiddlewares.referer.RefererMiddleware',
 'scrapy.spidermiddlewares.urllength.UrlLengthMiddleware',
 'scrapy.spidermiddlewares.depth.DepthMiddleware']
2017-12-10 22:51:24 [twisted] CRITICAL: Unhandled error in Deferred:
2017-12-10 22:51:24 [twisted] CRITICAL: 
Traceback (most recent call last):
  File "/Library/Frameworks/Python.framework/Versions/3.6/lib/python3.6/site-packages/scrapy/utils/misc.py", line 47, in load_object
    obj = getattr(mod, name)
AttributeError: module 'appSpider.pipelines' has no attribute 'DongguanItem'

During handling of the above exception, another exception occurred:

Traceback (most recent call last):
  File "/Library/Frameworks/Python.framework/Versions/3.6/lib/python3.6/site-packages/twisted/internet/defer.py", line 1386, in _inlineCallbacks
    result = g.send(result)
  File "/Library/Frameworks/Python.framework/Versions/3.6/lib/python3.6/site-packages/scrapy/crawler.py", line 77, in crawl
    self.engine = self._create_engine()
  File "/Library/Frameworks/Python.framework/Versions/3.6/lib/python3.6/site-packages/scrapy/crawler.py", line 102, in _create_engine
    return ExecutionEngine(self, lambda _: self.stop())
  File "/Library/Frameworks/Python.framework/Versions/3.6/lib/python3.6/site-packages/scrapy/core/engine.py", line 70, in __init__
    self.scraper = Scraper(crawler)
  File "/Library/Frameworks/Python.framework/Versions/3.6/lib/python3.6/site-packages/scrapy/core/scraper.py", line 71, in __init__
    self.itemproc = itemproc_cls.from_crawler(crawler)
  File "/Library/Frameworks/Python.framework/Versions/3.6/lib/python3.6/site-packages/scrapy/middleware.py", line 58, in from_crawler
    return cls.from_settings(crawler.settings, crawler)
  File "/Library/Frameworks/Python.framework/Versions/3.6/lib/python3.6/site-packages/scrapy/middleware.py", line 34, in from_settings
    mwcls = load_object(clspath)
  File "/Library/Frameworks/Python.framework/Versions/3.6/lib/python3.6/site-packages/scrapy/utils/misc.py", line 49, in load_object
    raise NameError("Module '%s' doesn't define any object named '%s'" % (module, name))
NameError: Module 'appSpider.pipelines' doesn't define any object named 'DongguanItem'
2017-12-10 22:54:27 [scrapy.utils.log] INFO: Scrapy 1.4.0 started (bot: appSpider)
2017-12-10 22:54:27 [scrapy.utils.log] INFO: Overridden settings: {'BOT_NAME': 'appSpider', 'LOG_FILE': 'dg.log', 'NEWSPIDER_MODULE': 'appSpider.spiders', 'ROBOTSTXT_OBEY': True, 'SPIDER_MODULES': ['appSpider.spiders'], 'USER_AGENT': 'DYZB/2.290 (iPhone; iOS 9.3.4; Scale/2.00)'}
2017-12-10 22:54:27 [scrapy.middleware] INFO: Enabled extensions:
['scrapy.extensions.corestats.CoreStats',
 'scrapy.extensions.telnet.TelnetConsole',
 'scrapy.extensions.memusage.MemoryUsage',
 'scrapy.extensions.logstats.LogStats']
2017-12-10 22:54:28 [scrapy.middleware] INFO: Enabled downloader middlewares:
['scrapy.downloadermiddlewares.robotstxt.RobotsTxtMiddleware',
 'scrapy.downloadermiddlewares.httpauth.HttpAuthMiddleware',
 'scrapy.downloadermiddlewares.downloadtimeout.DownloadTimeoutMiddleware',
 'scrapy.downloadermiddlewares.defaultheaders.DefaultHeadersMiddleware',
 'scrapy.downloadermiddlewares.useragent.UserAgentMiddleware',
 'scrapy.downloadermiddlewares.retry.RetryMiddleware',
 'scrapy.downloadermiddlewares.redirect.MetaRefreshMiddleware',
 'scrapy.downloadermiddlewares.httpcompression.HttpCompressionMiddleware',
 'scrapy.downloadermiddlewares.redirect.RedirectMiddleware',
 'scrapy.downloadermiddlewares.cookies.CookiesMiddleware',
 'scrapy.downloadermiddlewares.httpproxy.HttpProxyMiddleware',
 'scrapy.downloadermiddlewares.stats.DownloaderStats']
2017-12-10 22:54:28 [scrapy.middleware] INFO: Enabled spider middlewares:
['scrapy.spidermiddlewares.httperror.HttpErrorMiddleware',
 'scrapy.spidermiddlewares.offsite.OffsiteMiddleware',
 'scrapy.spidermiddlewares.referer.RefererMiddleware',
 'scrapy.spidermiddlewares.urllength.UrlLengthMiddleware',
 'scrapy.spidermiddlewares.depth.DepthMiddleware']
2017-12-10 22:54:28 [twisted] CRITICAL: Unhandled error in Deferred:
2017-12-10 22:54:28 [twisted] CRITICAL: 
Traceback (most recent call last):
  File "/Library/Frameworks/Python.framework/Versions/3.6/lib/python3.6/site-packages/scrapy/utils/misc.py", line 47, in load_object
    obj = getattr(mod, name)
AttributeError: module 'appSpider.pipelines' has no attribute 'DongguanItem'

During handling of the above exception, another exception occurred:

Traceback (most recent call last):
  File "/Library/Frameworks/Python.framework/Versions/3.6/lib/python3.6/site-packages/twisted/internet/defer.py", line 1386, in _inlineCallbacks
    result = g.send(result)
  File "/Library/Frameworks/Python.framework/Versions/3.6/lib/python3.6/site-packages/scrapy/crawler.py", line 77, in crawl
    self.engine = self._create_engine()
  File "/Library/Frameworks/Python.framework/Versions/3.6/lib/python3.6/site-packages/scrapy/crawler.py", line 102, in _create_engine
    return ExecutionEngine(self, lambda _: self.stop())
  File "/Library/Frameworks/Python.framework/Versions/3.6/lib/python3.6/site-packages/scrapy/core/engine.py", line 70, in __init__
    self.scraper = Scraper(crawler)
  File "/Library/Frameworks/Python.framework/Versions/3.6/lib/python3.6/site-packages/scrapy/core/scraper.py", line 71, in __init__
    self.itemproc = itemproc_cls.from_crawler(crawler)
  File "/Library/Frameworks/Python.framework/Versions/3.6/lib/python3.6/site-packages/scrapy/middleware.py", line 58, in from_crawler
    return cls.from_settings(crawler.settings, crawler)
  File "/Library/Frameworks/Python.framework/Versions/3.6/lib/python3.6/site-packages/scrapy/middleware.py", line 34, in from_settings
    mwcls = load_object(clspath)
  File "/Library/Frameworks/Python.framework/Versions/3.6/lib/python3.6/site-packages/scrapy/utils/misc.py", line 49, in load_object
    raise NameError("Module '%s' doesn't define any object named '%s'" % (module, name))
NameError: Module 'appSpider.pipelines' doesn't define any object named 'DongguanItem'
